<?xml version="1.0" encoding="UTF-8"?>
<testsuite name="edu.nkoselev.hackerrank.SolutionTest" tests="2" skipped="0" failures="0" errors="0" timestamp="2019-04-14T16:39:24" hostname="nikita-ThinkPad-X230" time="0.414">
  <properties/>
  <testcase name="testCreation" classname="edu.nkoselev.hackerrank.SolutionTest" time="0.414"/>
  <testcase name="test1" classname="edu.nkoselev.hackerrank.SolutionTest" time="0.0"/>
  <system-out><![CDATA[]]></system-out>
  <system-err><![CDATA[]]></system-err>
</testsuite>
