<?xml version="1.0" encoding="UTF-8"?>
<testsuite name="edu.socks.SocksTest" tests="1" skipped="0" failures="0" errors="0" timestamp="2019-05-09T07:47:34" hostname="nikita-ThinkPad-X230" time="0.033">
  <properties/>
  <testcase name="basicTests" classname="edu.socks.SocksTest" time="0.033"/>
  <system-out><![CDATA[]]></system-out>
  <system-err><![CDATA[]]></system-err>
</testsuite>
